<?xml version="1.0" encoding="UTF-8"?>
<!-- Generated by org.testng.reporters.JUnitXMLReporter -->
<testsuite ignored="0" hostname="DESKTOP-35BMB7E" failures="0" tests="3" name="Test" time="7.533" errors="0" timestamp="2025-11-23T22:10:10 IST">
  <testcase classname="tests.CartTest" name="verifyCartHasProductTest" time="1.71"/>
  <testcase classname="tests.InventoryTest" name="addProductToCartTest" time="1.219"/>
  <testcase classname="tests.LoginTest" name="loginTestDemo" time="1.05"/>
</testsuite> <!-- Test -->
