<?xml version="1.0" encoding="UTF-8"?>
<testng-results ignored="0" total="3" passed="3" failed="0" skipped="0">
  <reporter-output>
  </reporter-output>
  <suite started-at="2025-11-23T22:10:03 IST" name="Suite" finished-at="2025-11-23T22:10:10 IST" duration-ms="7533">
    <groups>
    </groups>
    <test started-at="2025-11-23T22:10:03 IST" name="Test" finished-at="2025-11-23T22:10:10 IST" duration-ms="7533">
      <class name="tests.LoginTest">
        <test-method is-config="true" signature="setup()[pri:0, instance:tests.LoginTest@32eff876]" started-at="2025-11-23T22:10:08 IST" name="setup" finished-at="2025-11-23T22:10:09 IST" duration-ms="738" status="PASS">
          <reporter-output>
          </reporter-output>
        </test-method> <!-- setup -->
        <test-method signature="loginTestDemo()[pri:0, instance:tests.LoginTest@32eff876]" started-at="2025-11-23T22:10:09 IST" name="loginTestDemo" finished-at="2025-11-23T22:10:10 IST" duration-ms="1050" status="PASS">
          <reporter-output>
          </reporter-output>
        </test-method> <!-- loginTestDemo -->
        <test-method is-config="true" signature="tearDown()[pri:0, instance:tests.LoginTest@32eff876]" started-at="2025-11-23T22:10:10 IST" name="tearDown" finished-at="2025-11-23T22:10:10 IST" duration-ms="207" status="PASS">
          <reporter-output>
          </reporter-output>
        </test-method> <!-- tearDown -->
      </class> <!-- tests.LoginTest -->
      <class name="tests.InventoryTest">
        <test-method is-config="true" signature="setup()[pri:0, instance:tests.InventoryTest@5e0826e7]" started-at="2025-11-23T22:10:06 IST" name="setup" finished-at="2025-11-23T22:10:07 IST" duration-ms="734" status="PASS">
          <reporter-output>
          </reporter-output>
        </test-method> <!-- setup -->
        <test-method signature="addProductToCartTest()[pri:0, instance:tests.InventoryTest@5e0826e7]" started-at="2025-11-23T22:10:07 IST" name="addProductToCartTest" finished-at="2025-11-23T22:10:08 IST" duration-ms="1219" status="PASS">
          <reporter-output>
          </reporter-output>
        </test-method> <!-- addProductToCartTest -->
        <test-method is-config="true" signature="tearDown()[pri:0, instance:tests.InventoryTest@5e0826e7]" started-at="2025-11-23T22:10:08 IST" name="tearDown" finished-at="2025-11-23T22:10:08 IST" duration-ms="248" status="PASS">
          <reporter-output>
          </reporter-output>
        </test-method> <!-- tearDown -->
      </class> <!-- tests.InventoryTest -->
      <class name="tests.CartTest">
        <test-method is-config="true" signature="setup()[pri:0, instance:tests.CartTest@708f5957]" started-at="2025-11-23T22:10:03 IST" name="setup" finished-at="2025-11-23T22:10:04 IST" duration-ms="1361" status="PASS">
          <reporter-output>
          </reporter-output>
        </test-method> <!-- setup -->
        <test-method signature="verifyCartHasProductTest()[pri:0, instance:tests.CartTest@708f5957]" started-at="2025-11-23T22:10:04 IST" name="verifyCartHasProductTest" finished-at="2025-11-23T22:10:06 IST" duration-ms="1710" status="PASS">
          <reporter-output>
          </reporter-output>
        </test-method> <!-- verifyCartHasProductTest -->
        <test-method is-config="true" signature="tearDown()[pri:0, instance:tests.CartTest@708f5957]" started-at="2025-11-23T22:10:06 IST" name="tearDown" finished-at="2025-11-23T22:10:06 IST" duration-ms="233" status="PASS">
          <reporter-output>
          </reporter-output>
        </test-method> <!-- tearDown -->
      </class> <!-- tests.CartTest -->
    </test> <!-- Test -->
  </suite> <!-- Suite -->
</testng-results>
